Flutter crash report.
Please report a bug at https://github.com/flutter/flutter/issues.

## command

flutter run

## exception

ExistingDartDevelopmentServiceException: DartDevelopmentServiceException: JSON-RPC error 100: Feature is disabled. data: Existing VM service clients prevent DDS from taking control.

```
#0      DartDevelopmentServiceImpl.startService (package:dds/src/dds_impl.dart:155:7)
<asynchronous suspension>
#1      DartDevelopmentService.startDartDevelopmentService (package:dds/dds.dart:97:5)
<asynchronous suspension>
#2      DebugService.startDartDevelopmentService (package:dwds/src/services/debug_service.dart:166:12)
<asynchronous suspension>
#3      DevHandler._createAppDebugServices (package:dwds/src/handlers/dev_handler.dart:511:7)
<asynchronous suspension>
#4      DevHandler.loadAppServices (package:dwds/src/handlers/dev_handler.dart:238:21)
<asynchronous suspension>
#5      Dwds.debugConnection (package:dwds/dart_web_debug_service.dart:58:30)
<asynchronous suspension>
#6      WebDevFS.connect.<anonymous closure> (package:flutter_tools/src/isolated/devfs_web.dart:801:15)
<asynchronous suspension>
```

## flutter doctor

```
[32m[✓][39m Flutter (Channel stable, 3.22.2, on Microsoft Windows [Version 10.0.22621.3737], locale en-US)
    [32m•[39m Flutter version 3.22.2 on channel stable at D:\AUCA\sem 9\MOBILE PROGRAMMING\flutter_projects\flutter
    [32m•[39m Upstream repository https://github.com/flutter/flutter.git
    [32m•[39m Framework revision 761747bfc5 (2 weeks ago), 2024-06-05 22:15:13 +0200
    [32m•[39m Engine revision edd8546116
    [32m•[39m Dart version 3.4.3
    [32m•[39m DevTools version 2.34.3

[32m[✓][39m Windows Version (Installed version of Windows is version 10 or higher)

[31m[✗][39m Android toolchain - develop for Android devices
    [31m✗[39m Unable to locate Android SDK.
      Install Android Studio from: https://developer.android.com/studio/index.html
      On first launch it will assist you in installing the Android SDK components.
      (or visit https://flutter.dev/docs/get-started/install/windows#android-setup for detailed instructions).
      If the Android SDK has been installed to a custom location, please use
      `flutter config --android-sdk` to update to that location.


[32m[✓][39m Chrome - develop for the web
    [32m•[39m Chrome at C:\Program Files\Google\Chrome\Application\chrome.exe

[31m[✗][39m Visual Studio - develop Windows apps
    [31m✗[39m Visual Studio not installed; this is necessary to develop Windows apps.
      Download at https://visualstudio.microsoft.com/downloads/.
      Please install the "Desktop development with C++" workload, including all of its default components

[33m[!][39m Android Studio (not installed)
    [32m•[39m Android Studio not found; download from https://developer.android.com/studio/index.html
      (or visit https://flutter.dev/docs/get-started/install/windows#android-setup for detailed instructions).

[32m[✓][39m VS Code (version 1.90.2)
    [32m•[39m VS Code at C:\Users\regis\AppData\Local\Programs\Microsoft VS Code
    [32m•[39m Flutter extension version 3.90.0

[32m[✓][39m Connected device (3 available)
    [32m•[39m Windows (desktop) • windows • windows-x64    • Microsoft Windows [Version 10.0.22621.3737]
    [32m•[39m Chrome (web)      • chrome  • web-javascript • Google Chrome 126.0.6478.62
    [32m•[39m Edge (web)        • edge    • web-javascript • Microsoft Edge 126.0.2592.56

[32m[✓][39m Network resources
    [32m•[39m All expected network resources are available.

[33m![39m Doctor found issues in 3 categories.
```
